<?xml version="1.0" ?>
<coverage line-rate="0.85" branch-rate="0.70"
         lines-covered="170" lines-valid="200"
         branches-covered="35" branches-valid="50"
         complexity="0" version="2.0.3" timestamp="1609459200000">
  <packages>
    <package name="main" line-rate="0.85" branch-rate="0.70" complexity="0">
      <classes>
        <class name="Foo" filename="foo.go" line-rate="0.85" branch-rate="0.70">
          <methods>
            <method name="add" signature="(II)I" line-rate="1.0" branch-rate="1.0">
              <lines>
                <line number="5" hits="3"/>
                <line number="6" hits="3"/>
              </lines>
            </method>
            <method name="sub" signature="(II)I" line-rate="1.0" branch-rate="1.0">
              <lines>
                <line number="10" hits="1"/>
              </lines>
            </method>
            <method name="unused" signature="()V" line-rate="0" branch-rate="0">
              <lines>
                <line number="15" hits="0"/>
                <line number="16" hits="0"/>
              </lines>
            </method>
          </methods>
          <lines>
            <line number="1" hits="3"/>
          </lines>
        </class>
      </classes>
    </package>
  </packages>
</coverage>
