<?xml version="1.0" ?>
<coverage line-rate="0.85" branch-rate="0.70"
         lines-covered="170" lines-valid="200"
         branches-covered="35" branches-valid="50"
         complexity="0" version="2.0.3" timestamp="1609459200000">
  <packages>
    <package name="main" line-rate="0.85" branch-rate="0.70" complexity="0">
      <classes>
        <class name="Foo" filename="foo.go" line-rate="0.85" branch-rate="0.70">
          <lines>
            <line number="1" hits="3"/>
          </lines>
        </class>
      </classes>
    </package>
  </packages>
</coverage>
